(2020-09-13 14:15:15) [info] starting main process...
(2020-09-13 14:15:15) [info] init sdl2...
(2020-09-13 14:15:16) [info] creating kernel...
(2020-09-13 14:15:16) [info] Kernel is constructed.
(2020-09-13 14:15:16) [info] init app config...
(2020-09-13 14:15:16) [info] create state driver...
(2020-09-13 14:15:16) [info] setting state check function...
(2020-09-13 14:15:16) [info] init state driver building: preparing video...
(2020-09-13 14:15:16) [info] preparing audio...
(2020-09-13 14:15:16) [info] preparing input...
(2020-09-13 14:15:16) [info] preparing resources...
(2020-09-13 14:15:16) [info] registering graphic resources...
(2020-09-13 14:15:16) [info] registering controllers...
(2020-09-13 14:15:16) [info] virtualizing input...
(2020-09-13 14:15:16) [info] trying to virtualize 0 controllers...
(2020-09-13 14:15:16) [info] state driver fully constructed
(2020-09-13 14:15:16) [info] init state driver...
(2020-09-13 14:15:16) [info] next state will be 1
(2020-09-13 14:15:16) [info] Setting logical screen size to 1920x1080...
(2020-09-13 14:15:16) [info] Setting physical screen size to 1920x1080...
(2020-09-13 14:15:16) [info] Setting fullscreen status to 1...
(2020-09-13 14:15:17) [info] controller logic ran for 1 seconds
(2020-09-13 14:15:17) [info] finish main proccess
(2020-09-13 14:15:17) [info] stopping sdl2...
